<?xml version="1.0" encoding="UTF-8"?>
<!-- Generated by org.testng.reporters.JUnitXMLReporter -->
<testsuite hostname="AnilKumar" ignored="0" name="Default test" tests="3" failures="0" timestamp="2022-09-11T18:55:50 IST" time="0.035" errors="0">
  <testcase name="doUserRegister" time="0.004" classname="testNGLearning.flowOfAnnotations"/>
  <testcase name="doLogin" time="0.001" classname="testNGLearning.flowOfAnnotations"/>
  <testcase name="doAddToCart" time="0.001" classname="testNGLearning.flowOfAnnotations"/>
</testsuite> <!-- Default test -->
