<?xml version="1.0" encoding="UTF-8"?>
<!-- Generated by org.testng.reporters.JUnitXMLReporter -->
<testsuite hostname="AnilKumar" ignored="2" name="Default test" tests="4" failures="0" timestamp="2022-05-27T19:55:52 IST" time="0.045" errors="0">
  <testcase name="t1" time="0.004" classname="basicjavaprograms.A$B"/>
  <testcase name="t2" time="0.001" classname="basicjavaprograms.A$B"/>
  <testcase name="A1" time="0.001" classname="basicjavaprograms.A"/>
  <testcase name="A1" time="0.001" classname="basicjavaprograms.A"/>
  <testcase name="@BeforeTest beforeTest" time="0.0" classname="basicjavaprograms.A$B">
    <ignored/>
  </testcase> <!-- @BeforeTest beforeTest -->
  <testcase name="@AfterTest afterTest" time="0.0" classname="basicjavaprograms.A$B">
    <ignored/>
  </testcase> <!-- @AfterTest afterTest -->
</testsuite> <!-- Default test -->
