<?xml version="1.0" encoding="UTF-8"?>
<testng-results skipped="0" failed="0" ignored="0" total="3" passed="3">
  <reporter-output>
  </reporter-output>
  <suite name="Default suite" duration-ms="35" started-at="2022-09-11T18:55:50 IST" finished-at="2022-09-11T18:55:50 IST">
    <groups>
      <group name="functional">
        <method signature="flowOfAnnotations.doUserRegister()[pri:0, instance:testNGLearning.flowOfAnnotations@587d1d39]" name="doUserRegister" class="testNGLearning.flowOfAnnotations"/>
      </group> <!-- functional -->
      <group name="smoke">
        <method signature="flowOfAnnotations.doUserRegister()[pri:0, instance:testNGLearning.flowOfAnnotations@587d1d39]" name="doUserRegister" class="testNGLearning.flowOfAnnotations"/>
        <method signature="flowOfAnnotations.doLogin()[pri:1, instance:testNGLearning.flowOfAnnotations@587d1d39]" name="doLogin" class="testNGLearning.flowOfAnnotations"/>
        <method signature="flowOfAnnotations.doAddToCart()[pri:2, instance:testNGLearning.flowOfAnnotations@587d1d39]" name="doAddToCart" class="testNGLearning.flowOfAnnotations"/>
      </group> <!-- smoke -->
    </groups>
    <test name="Default test" duration-ms="35" started-at="2022-09-11T18:55:50 IST" finished-at="2022-09-11T18:55:50 IST">
      <class name="testNGLearning.flowOfAnnotations">
        <test-method status="PASS" signature="setup()[pri:0, instance:testNGLearning.flowOfAnnotations@587d1d39]" name="setup" is-config="true" duration-ms="6" started-at="2022-09-11T18:55:50 IST" finished-at="2022-09-11T18:55:50 IST">
          <reporter-output>
          </reporter-output>
        </test-method> <!-- setup -->
        <test-method status="PASS" signature="CreateDBConnection()[pri:0, instance:testNGLearning.flowOfAnnotations@587d1d39]" name="CreateDBConnection" is-config="true" duration-ms="0" started-at="2022-09-11T18:55:50 IST" finished-at="2022-09-11T18:55:50 IST">
          <reporter-output>
          </reporter-output>
        </test-method> <!-- CreateDBConnection -->
        <test-method status="PASS" signature="teadDown1()[pri:0, instance:testNGLearning.flowOfAnnotations@587d1d39]" name="teadDown1" is-config="true" duration-ms="0" started-at="2022-09-11T18:55:50 IST" finished-at="2022-09-11T18:55:50 IST">
          <reporter-output>
          </reporter-output>
        </test-method> <!-- teadDown1 -->
        <test-method status="PASS" signature="launchBrowser()[pri:0, instance:testNGLearning.flowOfAnnotations@587d1d39]" name="launchBrowser" is-config="true" duration-ms="0" started-at="2022-09-11T18:55:50 IST" finished-at="2022-09-11T18:55:50 IST">
          <reporter-output>
          </reporter-output>
        </test-method> <!-- launchBrowser -->
        <test-method status="PASS" signature="doUserRegister()[pri:0, instance:testNGLearning.flowOfAnnotations@587d1d39]" name="doUserRegister" duration-ms="4" started-at="2022-09-11T18:55:50 IST" finished-at="2022-09-11T18:55:50 IST">
          <reporter-output>
          </reporter-output>
        </test-method> <!-- doUserRegister -->
        <test-method status="PASS" signature="CloseBrowser()[pri:0, instance:testNGLearning.flowOfAnnotations@587d1d39]" name="CloseBrowser" is-config="true" duration-ms="0" started-at="2022-09-11T18:55:50 IST" finished-at="2022-09-11T18:55:50 IST">
          <reporter-output>
          </reporter-output>
        </test-method> <!-- CloseBrowser -->
        <test-method status="PASS" signature="doLogin()[pri:1, instance:testNGLearning.flowOfAnnotations@587d1d39]" name="doLogin" duration-ms="1" started-at="2022-09-11T18:55:50 IST" depends-on-methods="testNGLearning.flowOfAnnotations.doUserRegister" finished-at="2022-09-11T18:55:50 IST">
          <reporter-output>
          </reporter-output>
        </test-method> <!-- doLogin -->
        <test-method status="PASS" signature="launchBrowser()[pri:0, instance:testNGLearning.flowOfAnnotations@587d1d39]" name="launchBrowser" is-config="true" duration-ms="0" started-at="2022-09-11T18:55:50 IST" finished-at="2022-09-11T18:55:50 IST">
          <reporter-output>
          </reporter-output>
        </test-method> <!-- launchBrowser -->
        <test-method status="PASS" signature="launchBrowser()[pri:0, instance:testNGLearning.flowOfAnnotations@587d1d39]" name="launchBrowser" is-config="true" duration-ms="0" started-at="2022-09-11T18:55:50 IST" finished-at="2022-09-11T18:55:50 IST">
          <reporter-output>
          </reporter-output>
        </test-method> <!-- launchBrowser -->
        <test-method status="PASS" signature="doAddToCart()[pri:2, instance:testNGLearning.flowOfAnnotations@587d1d39]" name="doAddToCart" duration-ms="1" started-at="2022-09-11T18:55:50 IST" depends-on-methods="testNGLearning.flowOfAnnotations.doLogin" finished-at="2022-09-11T18:55:50 IST">
          <reporter-output>
          </reporter-output>
        </test-method> <!-- doAddToCart -->
        <test-method status="PASS" signature="CloseBrowser()[pri:0, instance:testNGLearning.flowOfAnnotations@587d1d39]" name="CloseBrowser" is-config="true" duration-ms="0" started-at="2022-09-11T18:55:50 IST" finished-at="2022-09-11T18:55:50 IST">
          <reporter-output>
          </reporter-output>
        </test-method> <!-- CloseBrowser -->
        <test-method status="PASS" signature="CloseBrowser()[pri:0, instance:testNGLearning.flowOfAnnotations@587d1d39]" name="CloseBrowser" is-config="true" duration-ms="0" started-at="2022-09-11T18:55:50 IST" finished-at="2022-09-11T18:55:50 IST">
          <reporter-output>
          </reporter-output>
        </test-method> <!-- CloseBrowser -->
        <test-method status="PASS" signature="teadDown2()[pri:0, instance:testNGLearning.flowOfAnnotations@587d1d39]" name="teadDown2" is-config="true" duration-ms="1" started-at="2022-09-11T18:55:50 IST" finished-at="2022-09-11T18:55:50 IST">
          <reporter-output>
          </reporter-output>
        </test-method> <!-- teadDown2 -->
        <test-method status="PASS" signature="CloseDBConnection()[pri:0, instance:testNGLearning.flowOfAnnotations@587d1d39]" name="CloseDBConnection" is-config="true" duration-ms="0" started-at="2022-09-11T18:55:50 IST" finished-at="2022-09-11T18:55:50 IST">
          <reporter-output>
          </reporter-output>
        </test-method> <!-- CloseDBConnection -->
        <test-method status="PASS" signature="teadDown()[pri:0, instance:testNGLearning.flowOfAnnotations@587d1d39]" name="teadDown" is-config="true" duration-ms="0" started-at="2022-09-11T18:55:50 IST" finished-at="2022-09-11T18:55:50 IST">
          <reporter-output>
          </reporter-output>
        </test-method> <!-- teadDown -->
      </class> <!-- testNGLearning.flowOfAnnotations -->
    </test> <!-- Default test -->
  </suite> <!-- Default suite -->
</testng-results>
